
[2025-07-29 20:33:08,417] INFO - Checking for package updates...
[2025-07-29 20:33:08,726] INFO - Update check succeeded
[2025-07-29 20:35:00,135] INFO - Checking for package updates...
[2025-07-29 20:35:00,350] INFO - Update check succeeded
[2025-07-29 20:37:30,963] INFO - Checking for package updates...
[2025-07-29 20:37:31,193] INFO - Update check succeeded
[2025-07-29 20:38:44,146] INFO - Checking for package updates...
[2025-07-29 20:38:44,364] INFO - Update check succeeded
[2025-07-29 20:43:19,889] INFO - Checking for package updates...
[2025-07-29 20:43:20,103] INFO - Update check succeeded
[2025-07-29 20:44:49,675] INFO - Gathering upgradable package version status...
[2025-07-29 20:45:03,095] INFO - Upgradable package version status displayed.
[2025-07-29 20:47:15,510] INFO - Gathering upgradable package version status...
[2025-07-29 20:47:28,873] INFO - Upgradable package version status displayed.
[2025-07-29 20:47:38,026] INFO - Attempting to download upgradable packages...
[2025-07-29 20:47:40,254] INFO - Package download succeeded
[2025-07-29 20:47:50,426] INFO - Preparing to install downloaded updates...
[2025-07-29 20:47:51,969] INFO - Starting package installation...
[2025-07-29 20:47:53,679] INFO - Package installation succeeded
[2025-07-29 20:51:00,216] INFO - Gathering upgradable package version status...
[2025-07-29 20:51:13,973] INFO - Upgradable package version status displayed.
[2025-07-29 20:52:14,572] INFO - Gathering upgradable package version status...
[2025-07-29 20:52:28,043] INFO - Upgradable package version status displayed.
[2025-07-29 20:52:40,884] INFO - Update started: download_only=False, auto_confirm=False, dry_run=False
[2025-07-29 20:52:42,216] INFO - Running apt-get update...
[2025-07-29 20:52:47,335] INFO - Running apt-get upgrade...
[2025-07-29 20:52:48,698] INFO - Package installation succeeded
[2025-07-29 20:58:20,785] INFO - Gathering upgradable package version status...
[2025-07-29 20:58:34,339] INFO - Upgradable package version status displayed.
[2025-07-29 21:02:40,177] INFO - Starting background monitor loop...
[2025-07-29 21:02:40,471] INFO - No packages to update.
[2025-07-29 21:03:40,722] INFO - No packages to update.
[2025-07-29 21:04:40,989] INFO - No packages to update.
[2025-07-29 21:05:41,219] INFO - No packages to update.
[2025-07-29 21:06:41,515] INFO - No packages to update.
[2025-07-29 21:07:41,810] INFO - No packages to update.
[2025-07-29 21:08:42,055] INFO - No packages to update.
[2025-07-29 21:09:42,307] INFO - No packages to update.
[2025-07-29 21:10:42,562] INFO - No packages to update.
[2025-07-29 21:11:42,824] INFO - No packages to update.
[2025-07-29 21:12:43,071] INFO - No packages to update.
[2025-07-29 21:13:43,309] INFO - No packages to update.
[2025-07-29 21:14:43,554] INFO - No packages to update.
[2025-07-29 21:15:43,787] INFO - No packages to update.
[2025-07-29 21:16:44,029] INFO - No packages to update.
[2025-07-29 21:17:44,272] INFO - No packages to update.
[2025-07-29 21:18:44,512] INFO - No packages to update.
[2025-07-29 21:19:44,749] INFO - No packages to update.
[2025-07-29 21:20:45,021] INFO - No packages to update.
[2025-07-29 21:21:45,253] INFO - No packages to update.
[2025-07-29 21:22:45,495] INFO - No packages to update.
[2025-07-29 21:23:45,725] INFO - No packages to update.
[2025-07-29 21:24:45,976] INFO - No packages to update.
[2025-07-29 21:25:46,204] INFO - No packages to update.
[2025-07-29 21:26:46,452] INFO - No packages to update.
[2025-07-29 21:27:46,686] INFO - No packages to update.
[2025-07-29 21:28:46,937] INFO - No packages to update.
[2025-07-29 21:29:47,178] INFO - No packages to update.
[2025-07-29 21:30:47,431] INFO - No packages to update.
[2025-07-29 21:31:47,673] INFO - No packages to update.
[2025-07-29 21:32:47,934] INFO - No packages to update.
[2025-07-29 21:33:48,191] INFO - No packages to update.
[2025-07-29 21:34:48,427] INFO - No packages to update.
[2025-07-29 21:35:48,689] INFO - No packages to update.
[2025-07-29 21:36:48,928] INFO - No packages to update.
[2025-07-29 21:37:49,163] INFO - No packages to update.
[2025-07-29 21:38:49,410] INFO - No packages to update.
[2025-07-29 21:39:49,655] INFO - No packages to update.
[2025-07-29 21:40:49,899] INFO - No packages to update.
[2025-07-29 21:41:50,141] INFO - No packages to update.
[2025-07-29 21:42:50,405] INFO - No packages to update.
